<?xml version="1.0" encoding="UTF-8"?>
<testng-results skipped="0" failed="0" ignored="0" total="1" passed="1">
  <reporter-output>
  </reporter-output>
  <suite name="Suite" duration-ms="15301" started-at="2020-03-01T15:47:21 EST" finished-at="2020-03-01T15:47:36 EST">
    <groups>
    </groups>
    <test name="Test" duration-ms="15301" started-at="2020-03-01T15:47:21 EST" finished-at="2020-03-01T15:47:36 EST">
      <class name="allTest.HomepageTest">
        <test-method status="PASS" signature="testDeals(java.lang.String)[pri:0, instance:allTest.HomepageTest@59494225]" name="testDeals" duration-ms="15238" started-at="2020-03-01T15:47:21 EST" finished-at="2020-03-01T15:47:36 EST">
          <params>
            <param index="0">
              <value>
                <![CDATA[chrome]]>
              </value>
            </param>
          </params>
          <reporter-output>
          </reporter-output>
        </test-method> <!-- testDeals -->
      </class> <!-- allTest.HomepageTest -->
    </test> <!-- Test -->
  </suite> <!-- Suite -->
</testng-results>
